ffmpeg4android_demo/build/outputs/logs/manifest-merger-debug-report.txt
-- Merging decision tree log ---
manifest
ADDED from src/main/AndroidManifest.xml:2:1-59:12
INJECTED from src/main/AndroidManifest.xml:2:1-59:12
INJECTED from src/main/AndroidManifest.xml:2:1-59:12
INJECTED from src/main/AndroidManifest.xml:2:1-59:12
MERGED from [:ffmpeg4android_lib] AndroidManifest.xml:2:1-13:12
INJECTED from src/main/AndroidManifest.xml:2:1-59:12
INJECTED from src/main/AndroidManifest.xml:2:1-59:12
INJECTED from src/main/AndroidManifest.xml:2:1-59:12
	package
		ADDED from src/main/AndroidManifest.xml:3:7-49
		INJECTED from src/main/AndroidManifest.xml
		INJECTED from src/main/AndroidManifest.xml
	android:versionName
		ADDED from src/main/AndroidManifest.xml:6:7-39
		INJECTED from src/main/AndroidManifest.xml
		INJECTED from src/main/AndroidManifest.xml
	xmlns:android
		ADDED from src/main/AndroidManifest.xml:2:11-69
	android:versionCode
		ADDED from src/main/AndroidManifest.xml:5:7-36
		INJECTED from src/main/AndroidManifest.xml
		INJECTED from src/main/AndroidManifest.xml
	android:installLocation
		ADDED from src/main/AndroidManifest.xml:4:7-45
uses-permission#android.permission.WRITE_EXTERNAL_STORAGE
ADDED from src/main/AndroidManifest.xml:8:5-80
MERGED from [:ffmpeg4android_lib] AndroidManifest.xml:11:5-81
MERGED from [:ffmpeg4android_lib] AndroidManifest.xml:11:5-81
	android:name
		ADDED from src/main/AndroidManifest.xml:8:22-78
uses-permission#android.permission.INTERNET
ADDED from src/main/AndroidManifest.xml:9:5-66
	android:name
		ADDED from src/main/AndroidManifest.xml:9:22-64
uses-permission#android.permission.WAKE_LOCK
ADDED from src/main/AndroidManifest.xml:10:5-68
	android:name
		ADDED from src/main/AndroidManifest.xml:10:22-65
application
ADDED from src/main/AndroidManifest.xml:12:5-57:19
	android:label
		ADDED from src/main/AndroidManifest.xml:12:48-80
	android:icon
		ADDED from src/main/AndroidManifest.xml:12:18-47
	android:allowBackup
		ADDED from src/main/AndroidManifest.xml:12:81-107
activity#com.examples.ffmpeg4android.SimpleExample
ADDED from src/main/AndroidManifest.xml:15:9-21:20
	android:label
		ADDED from src/main/AndroidManifest.xml:17:19-49
	android:windowSoftInputMode
		ADDED from src/main/AndroidManifest.xml:16:19-60
	android:configChanges
		ADDED from src/main/AndroidManifest.xml:15:76-146
	android:name
		ADDED from src/main/AndroidManifest.xml:15:19-75
intent-filter#action:name:android.intent.action.MAIN
ADDED from src/main/AndroidManifest.xml:18:13-20:30
action#android.intent.action.MAIN
ADDED from src/main/AndroidManifest.xml:19:17-69
	android:name
		ADDED from src/main/AndroidManifest.xml:19:25-66
activity#com.examples.ffmpeg4android.Main
ADDED from src/main/AndroidManifest.xml:23:9-30:20
	android:label
		ADDED from src/main/AndroidManifest.xml:25:19-51
	android:windowSoftInputMode
		ADDED from src/main/AndroidManifest.xml:24:19-60
	android:configChanges
		ADDED from src/main/AndroidManifest.xml:23:67-137
	android:name
		ADDED from src/main/AndroidManifest.xml:23:19-66
intent-filter#action:name:android.intent.action.MAIN+category:name:android.intent.category.LAUNCHER
ADDED from src/main/AndroidManifest.xml:26:13-29:30
category#android.intent.category.LAUNCHER
ADDED from src/main/AndroidManifest.xml:28:17-77
	android:name
		ADDED from src/main/AndroidManifest.xml:28:27-74
activity#com.examples.ffmpeg4android.ProgressBarExample
ADDED from src/main/AndroidManifest.xml:32:9-38:20
	android:label
		ADDED from src/main/AndroidManifest.xml:34:19-54
	android:windowSoftInputMode
		ADDED from src/main/AndroidManifest.xml:33:19-60
	android:configChanges
		ADDED from src/main/AndroidManifest.xml:32:81-151
	android:name
		ADDED from src/main/AndroidManifest.xml:32:19-80
activity#com.examples.ffmpeg4android.ProgressBarWithNotificationExample
ADDED from src/main/AndroidManifest.xml:41:9-47:20
	android:label
		ADDED from src/main/AndroidManifest.xml:43:19-63
	android:windowSoftInputMode
		ADDED from src/main/AndroidManifest.xml:42:19-60
	android:configChanges
		ADDED from src/main/AndroidManifest.xml:41:97-167
	android:name
		ADDED from src/main/AndroidManifest.xml:41:19-96
activity#com.examples.ffmpeg4android.MultipleCommandsExample
ADDED from src/main/AndroidManifest.xml:49:9-55:20
	android:label
		ADDED from src/main/AndroidManifest.xml:51:19-52
	android:windowSoftInputMode
		ADDED from src/main/AndroidManifest.xml:50:19-60
	android:configChanges
		ADDED from src/main/AndroidManifest.xml:49:86-156
	android:name
		ADDED from src/main/AndroidManifest.xml:49:19-85
uses-sdk
INJECTED from src/main/AndroidManifest.xml reason: use-sdk injection requested
INJECTED from src/main/AndroidManifest.xml
INJECTED from src/main/AndroidManifest.xml
MERGED from [:ffmpeg4android_lib] AndroidManifest.xml:7:5-9:41
MERGED from [:ffmpeg4android_lib] AndroidManifest.xml:7:5-9:41
INJECTED from src/main/AndroidManifest.xml
INJECTED from src/main/AndroidManifest.xml
	android:targetSdkVersion
		INJECTED from src/main/AndroidManifest.xml
		ADDED from src/main/AndroidManifest.xml
		INJECTED from src/main/AndroidManifest.xml
	android:minSdkVersion
		INJECTED from src/main/AndroidManifest.xml
		ADDED from src/main/AndroidManifest.xml
		INJECTED from src/main/AndroidManifest.xml